2021-10-06 11:49:19,577 [Worker-6: Loading available Gradle versions] INFO  o.e.b.c.i.u.g.PublishedGradleVersions - Gradle version information cache is up-to-date. Trying to read.
2021-10-06 12:04:31,389 [Worker-3: Loading available Gradle versions] INFO  o.e.b.c.i.u.g.PublishedGradleVersions - Gradle version information cache is up-to-date. Trying to read.
2021-10-07 20:29:11,323 [Worker-1: Loading available Gradle versions] INFO  o.e.b.c.i.u.g.PublishedGradleVersions - Gradle version information cache is out-of-date. Trying to update.
2021-10-25 14:57:06,208 [Worker-1: Loading available Gradle versions] INFO  o.e.b.c.i.u.g.PublishedGradleVersions - Gradle version information cache is up-to-date. Trying to read.
2021-10-25 19:17:55,748 [Worker-2: Loading available Gradle versions] INFO  o.e.b.c.i.u.g.PublishedGradleVersions - Gradle version information cache is up-to-date. Trying to read.
2021-10-25 19:23:44,030 [Worker-7: Creating project "mavenproject"] INFO  o.e.m.c.i.l.LifecycleMappingFactory - Using org.eclipse.m2e.jdt.JarLifecycleMapping lifecycle mapping for MavenProject: com.epam:mavenproject:0.0.1-SNAPSHOT @ C:\Users\vamse\OneDrive\Documents\eclipse_Java\mavenproject\pom.xml.
2021-10-25 19:23:44,642 [Worker-7: Creating project "mavenproject"] INFO  o.e.m.j.i.AbstractJavaProjectConfigurator - Adding source folder /mavenproject/src/main/java
2021-10-25 19:23:44,644 [Worker-7: Creating project "mavenproject"] INFO  o.e.m.j.i.AbstractJavaProjectConfigurator - Adding resource folder /mavenproject/src/main/resources
2021-10-25 19:23:44,644 [Worker-7: Creating project "mavenproject"] INFO  o.e.m.j.i.AbstractJavaProjectConfigurator - Adding source folder /mavenproject/src/test/java
2021-10-25 19:23:44,645 [Worker-7: Creating project "mavenproject"] INFO  o.e.m.j.i.AbstractJavaProjectConfigurator - Adding resource folder /mavenproject/src/test/resources
2021-10-25 19:23:45,371 [Worker-17: Building] WARN  o.e.m.c.i.embedder.EclipseLogger - Using platform encoding (Cp1252 actually) to copy filtered resources, i.e. build is platform dependent!
2021-10-25 19:23:45,376 [Worker-17: Building] INFO  o.e.m.c.i.embedder.EclipseLogger - Copying 0 resource
2021-10-25 19:23:45,378 [Worker-17: Building] WARN  o.e.m.c.i.embedder.EclipseLogger - Using platform encoding (Cp1252 actually) to copy filtered resources, i.e. build is platform dependent!
2021-10-25 19:23:45,380 [Worker-17: Building] INFO  o.e.m.c.i.embedder.EclipseLogger - Copying 0 resource
2021-10-26 10:42:49,307 [Worker-26: Building] WARN  o.e.m.c.i.embedder.EclipseLogger - Using platform encoding (Cp1252 actually) to copy filtered resources, i.e. build is platform dependent!
2021-10-26 10:42:49,319 [Worker-26: Building] INFO  o.e.m.c.i.embedder.EclipseLogger - Copying 0 resource
2021-10-26 10:42:49,321 [Worker-26: Building] WARN  o.e.m.c.i.embedder.EclipseLogger - Using platform encoding (Cp1252 actually) to copy filtered resources, i.e. build is platform dependent!
2021-10-26 10:42:49,322 [Worker-26: Building] INFO  o.e.m.c.i.embedder.EclipseLogger - Copying 0 resource
2021-10-26 10:43:03,086 [Worker-27: Building] WARN  o.e.m.c.i.embedder.EclipseLogger - Using platform encoding (Cp1252 actually) to copy filtered resources, i.e. build is platform dependent!
2021-10-26 10:43:03,088 [Worker-27: Building] INFO  o.e.m.c.i.embedder.EclipseLogger - Copying 0 resource
2021-10-26 10:43:03,089 [Worker-27: Building] WARN  o.e.m.c.i.embedder.EclipseLogger - Using platform encoding (Cp1252 actually) to copy filtered resources, i.e. build is platform dependent!
2021-10-26 10:43:03,090 [Worker-27: Building] INFO  o.e.m.c.i.embedder.EclipseLogger - Copying 0 resource
2021-10-26 10:43:47,096 [Worker-27: Building] WARN  o.e.m.c.i.embedder.EclipseLogger - Using platform encoding (Cp1252 actually) to copy filtered resources, i.e. build is platform dependent!
2021-10-26 10:43:47,100 [Worker-27: Building] INFO  o.e.m.c.i.embedder.EclipseLogger - Copying 1 resource
2021-10-26 10:43:47,110 [Worker-27: Building] WARN  o.e.m.c.i.embedder.EclipseLogger - Using platform encoding (Cp1252 actually) to copy filtered resources, i.e. build is platform dependent!
2021-10-26 10:43:47,111 [Worker-27: Building] INFO  o.e.m.c.i.embedder.EclipseLogger - Copying 0 resource
2021-10-26 10:44:09,859 [Worker-28: Building] WARN  o.e.m.c.i.embedder.EclipseLogger - Using platform encoding (Cp1252 actually) to copy filtered resources, i.e. build is platform dependent!
2021-10-26 10:44:09,861 [Worker-28: Building] INFO  o.e.m.c.i.embedder.EclipseLogger - Copying 1 resource
2021-10-26 10:44:09,864 [Worker-28: Building] WARN  o.e.m.c.i.embedder.EclipseLogger - Using platform encoding (Cp1252 actually) to copy filtered resources, i.e. build is platform dependent!
2021-10-26 10:44:09,865 [Worker-28: Building] INFO  o.e.m.c.i.embedder.EclipseLogger - Copying 0 resource
2021-10-26 10:50:31,182 [Worker-28: Building] WARN  o.e.m.c.i.embedder.EclipseLogger - Using platform encoding (Cp1252 actually) to copy filtered resources, i.e. build is platform dependent!
2021-10-26 10:50:31,184 [Worker-28: Building] INFO  o.e.m.c.i.embedder.EclipseLogger - Copying 1 resource
2021-10-26 10:50:31,185 [Worker-28: Building] WARN  o.e.m.c.i.embedder.EclipseLogger - Using platform encoding (Cp1252 actually) to copy filtered resources, i.e. build is platform dependent!
2021-10-26 10:50:31,187 [Worker-28: Building] INFO  o.e.m.c.i.embedder.EclipseLogger - Copying 0 resource
2021-10-26 10:51:24,474 [Worker-27: Building] WARN  o.e.m.c.i.embedder.EclipseLogger - Using platform encoding (Cp1252 actually) to copy filtered resources, i.e. build is platform dependent!
2021-10-26 10:51:24,476 [Worker-27: Building] INFO  o.e.m.c.i.embedder.EclipseLogger - Copying 0 resource
2021-10-26 10:51:24,478 [Worker-27: Building] WARN  o.e.m.c.i.embedder.EclipseLogger - Using platform encoding (Cp1252 actually) to copy filtered resources, i.e. build is platform dependent!
2021-10-26 10:51:24,481 [Worker-27: Building] INFO  o.e.m.c.i.embedder.EclipseLogger - Copying 0 resource
2021-10-26 10:54:59,003 [Worker-27: Building] INFO  o.e.m.c.i.l.LifecycleMappingFactory - Using org.eclipse.m2e.jdt.JarLifecycleMapping lifecycle mapping for MavenProject: com.epam:mavenproject:0.0.1-SNAPSHOT @ C:\Users\vamse\OneDrive\Documents\eclipse_Java\mavenproject\pom.xml.
2021-10-26 10:54:59,711 [Worker-27: Building] WARN  o.e.m.c.i.embedder.EclipseLogger - Using platform encoding (Cp1252 actually) to copy filtered resources, i.e. build is platform dependent!
2021-10-26 10:54:59,713 [Worker-27: Building] INFO  o.e.m.c.i.embedder.EclipseLogger - Copying 0 resource
2021-10-26 10:54:59,715 [Worker-27: Building] WARN  o.e.m.c.i.embedder.EclipseLogger - Using platform encoding (Cp1252 actually) to copy filtered resources, i.e. build is platform dependent!
2021-10-26 10:54:59,716 [Worker-27: Building] INFO  o.e.m.c.i.embedder.EclipseLogger - Copying 0 resource
2021-10-26 10:55:00,811 [Worker-32: Building] WARN  o.e.m.c.i.embedder.EclipseLogger - Using platform encoding (Cp1252 actually) to copy filtered resources, i.e. build is platform dependent!
2021-10-26 10:55:00,812 [Worker-32: Building] INFO  o.e.m.c.i.embedder.EclipseLogger - Copying 1 resource
2021-10-26 10:55:00,821 [Worker-32: Building] WARN  o.e.m.c.i.embedder.EclipseLogger - Using platform encoding (Cp1252 actually) to copy filtered resources, i.e. build is platform dependent!
2021-10-26 10:55:00,823 [Worker-32: Building] INFO  o.e.m.c.i.embedder.EclipseLogger - Copying 0 resource
2021-10-26 10:55:41,843 [Worker-33: Building] WARN  o.e.m.c.i.embedder.EclipseLogger - Using platform encoding (Cp1252 actually) to copy filtered resources, i.e. build is platform dependent!
2021-10-26 10:55:41,845 [Worker-33: Building] INFO  o.e.m.c.i.embedder.EclipseLogger - Copying 0 resource
2021-10-26 10:55:41,846 [Worker-33: Building] WARN  o.e.m.c.i.embedder.EclipseLogger - Using platform encoding (Cp1252 actually) to copy filtered resources, i.e. build is platform dependent!
2021-10-26 10:55:41,848 [Worker-33: Building] INFO  o.e.m.c.i.embedder.EclipseLogger - Copying 0 resource
2021-10-26 11:02:44,685 [Worker-35: Building] WARN  o.e.m.c.i.embedder.EclipseLogger - Using platform encoding (Cp1252 actually) to copy filtered resources, i.e. build is platform dependent!
2021-10-26 11:02:44,686 [Worker-35: Building] INFO  o.e.m.c.i.embedder.EclipseLogger - Copying 0 resource
2021-10-26 11:02:44,687 [Worker-35: Building] WARN  o.e.m.c.i.embedder.EclipseLogger - Using platform encoding (Cp1252 actually) to copy filtered resources, i.e. build is platform dependent!
2021-10-26 11:02:44,690 [Worker-35: Building] INFO  o.e.m.c.i.embedder.EclipseLogger - Copying 0 resource
2021-10-26 11:03:29,566 [Worker-34: Launching AppTest] WARN  o.e.m.c.i.embedder.EclipseLogger - Using platform encoding (Cp1252 actually) to copy filtered resources, i.e. build is platform dependent!
2021-10-26 11:03:29,567 [Worker-34: Launching AppTest] INFO  o.e.m.c.i.embedder.EclipseLogger - Copying 0 resource
2021-10-26 11:03:29,569 [Worker-34: Launching AppTest] WARN  o.e.m.c.i.embedder.EclipseLogger - Using platform encoding (Cp1252 actually) to copy filtered resources, i.e. build is platform dependent!
2021-10-26 11:03:29,571 [Worker-34: Launching AppTest] INFO  o.e.m.c.i.embedder.EclipseLogger - Copying 0 resource
2021-10-26 11:05:52,846 [Worker-35: Launching Executing test in C__Users_vamse_OneDrive_Documents_eclipse_Java_mavenproject] INFO  o.e.m.i.launch.MavenLaunchDelegate - C:\Users\vamse\OneDrive\Documents\eclipse_Java\mavenproject
2021-10-26 11:05:52,849 [Worker-35: Launching Executing test in C__Users_vamse_OneDrive_Documents_eclipse_Java_mavenproject] INFO  o.e.m.i.launch.MavenLaunchDelegate -  mvn -B test
2021-10-26 11:05:55,325 [Worker-38: Building] WARN  o.e.m.c.i.embedder.EclipseLogger - Using platform encoding (Cp1252 actually) to copy filtered resources, i.e. build is platform dependent!
2021-10-26 11:05:55,327 [Worker-38: Building] INFO  o.e.m.c.i.embedder.EclipseLogger - Copying 0 resource
2021-10-26 11:05:55,329 [Worker-38: Building] WARN  o.e.m.c.i.embedder.EclipseLogger - Using platform encoding (Cp1252 actually) to copy filtered resources, i.e. build is platform dependent!
2021-10-26 11:05:55,333 [Worker-38: Building] INFO  o.e.m.c.i.embedder.EclipseLogger - Copying 0 resource
2021-10-26 11:09:07,657 [Worker-41: Building] WARN  o.e.m.c.i.embedder.EclipseLogger - Using platform encoding (Cp1252 actually) to copy filtered resources, i.e. build is platform dependent!
2021-10-26 11:09:07,660 [Worker-41: Building] INFO  o.e.m.c.i.embedder.EclipseLogger - Copying 0 resource
2021-10-26 11:09:07,662 [Worker-41: Building] WARN  o.e.m.c.i.embedder.EclipseLogger - Using platform encoding (Cp1252 actually) to copy filtered resources, i.e. build is platform dependent!
2021-10-26 11:09:07,664 [Worker-41: Building] INFO  o.e.m.c.i.embedder.EclipseLogger - Copying 0 resource
2021-10-26 11:09:53,329 [Worker-37: Building] WARN  o.e.m.c.i.embedder.EclipseLogger - Using platform encoding (Cp1252 actually) to copy filtered resources, i.e. build is platform dependent!
2021-10-26 11:09:53,330 [Worker-37: Building] INFO  o.e.m.c.i.embedder.EclipseLogger - Copying 1 resource
2021-10-26 11:09:53,336 [Worker-37: Building] WARN  o.e.m.c.i.embedder.EclipseLogger - Using platform encoding (Cp1252 actually) to copy filtered resources, i.e. build is platform dependent!
2021-10-26 11:09:53,337 [Worker-37: Building] INFO  o.e.m.c.i.embedder.EclipseLogger - Copying 0 resource
2021-10-26 11:10:21,663 [Worker-41: Updating Maven Project] INFO  o.e.m.c.i.p.ProjectConfigurationManager - Update started
2021-10-26 11:10:21,842 [Worker-41: Updating Maven Project] INFO  o.e.m.c.i.l.LifecycleMappingFactory - Using org.eclipse.m2e.jdt.JarLifecycleMapping lifecycle mapping for MavenProject: com.epam:mavenproject:0.0.1-SNAPSHOT @ C:\Users\vamse\OneDrive\Documents\eclipse_Java\mavenproject\pom.xml.
2021-10-26 11:10:22,000 [Worker-41: Updating Maven Project] INFO  o.e.m.j.i.AbstractJavaProjectConfigurator - Adding source folder /mavenproject/src/main/java
2021-10-26 11:10:22,000 [Worker-41: Updating Maven Project] INFO  o.e.m.j.i.AbstractJavaProjectConfigurator - Adding resource folder /mavenproject/src/main/resources
2021-10-26 11:10:22,001 [Worker-41: Updating Maven Project] INFO  o.e.m.j.i.AbstractJavaProjectConfigurator - Adding source folder /mavenproject/src/test/java
2021-10-26 11:10:22,001 [Worker-41: Updating Maven Project] INFO  o.e.m.j.i.AbstractJavaProjectConfigurator - Adding resource folder /mavenproject/src/test/resources
2021-10-26 11:10:22,102 [Worker-41: Updating Maven Project] INFO  o.e.m.c.i.p.ProjectConfigurationManager - Update completed: 0 sec
2021-10-26 11:10:22,359 [Worker-43: Building] WARN  o.e.m.c.i.embedder.EclipseLogger - Using platform encoding (Cp1252 actually) to copy filtered resources, i.e. build is platform dependent!
2021-10-26 11:10:22,360 [Worker-43: Building] INFO  o.e.m.c.i.embedder.EclipseLogger - Copying 1 resource
2021-10-26 11:10:22,371 [Worker-43: Building] WARN  o.e.m.c.i.embedder.EclipseLogger - Using platform encoding (Cp1252 actually) to copy filtered resources, i.e. build is platform dependent!
2021-10-26 11:10:22,372 [Worker-43: Building] INFO  o.e.m.c.i.embedder.EclipseLogger - Copying 0 resource
2021-10-26 11:10:33,902 [Worker-41: Launching Executing test in C__Users_vamse_OneDrive_Documents_eclipse_Java_mavenproject] INFO  o.e.m.i.launch.MavenLaunchDelegate - C:\Users\vamse\OneDrive\Documents\eclipse_Java\mavenproject
2021-10-26 11:10:33,902 [Worker-41: Launching Executing test in C__Users_vamse_OneDrive_Documents_eclipse_Java_mavenproject] INFO  o.e.m.i.launch.MavenLaunchDelegate -  mvn -B test
2021-10-26 11:10:52,665 [Worker-44: Building] WARN  o.e.m.c.i.embedder.EclipseLogger - Using platform encoding (Cp1252 actually) to copy filtered resources, i.e. build is platform dependent!
2021-10-26 11:10:52,667 [Worker-44: Building] INFO  o.e.m.c.i.embedder.EclipseLogger - Copying 0 resource
2021-10-26 11:10:52,668 [Worker-44: Building] WARN  o.e.m.c.i.embedder.EclipseLogger - Using platform encoding (Cp1252 actually) to copy filtered resources, i.e. build is platform dependent!
2021-10-26 11:10:52,669 [Worker-44: Building] INFO  o.e.m.c.i.embedder.EclipseLogger - Copying 0 resource
2021-10-26 11:12:17,636 [Worker-43: Launching Executing clean in C__Users_vamse_OneDrive_Documents_eclipse_Java_mavenproject] INFO  o.e.m.i.launch.MavenLaunchDelegate - C:\Users\vamse\OneDrive\Documents\eclipse_Java\mavenproject
2021-10-26 11:12:17,636 [Worker-43: Launching Executing clean in C__Users_vamse_OneDrive_Documents_eclipse_Java_mavenproject] INFO  o.e.m.i.launch.MavenLaunchDelegate -  mvn -B clean
2021-10-26 11:12:18,987 [Worker-42: Building] WARN  o.e.m.c.i.embedder.EclipseLogger - Using platform encoding (Cp1252 actually) to copy filtered resources, i.e. build is platform dependent!
2021-10-26 11:12:18,992 [Worker-42: Building] INFO  o.e.m.c.i.embedder.EclipseLogger - Copying 1 resource
2021-10-26 11:12:18,997 [Worker-42: Building] WARN  o.e.m.c.i.embedder.EclipseLogger - Using platform encoding (Cp1252 actually) to copy filtered resources, i.e. build is platform dependent!
2021-10-26 11:12:18,998 [Worker-42: Building] INFO  o.e.m.c.i.embedder.EclipseLogger - Copying 0 resource
2021-10-26 11:12:37,333 [Worker-35: Launching Executing test in C__Users_vamse_OneDrive_Documents_eclipse_Java_mavenproject] INFO  o.e.m.i.launch.MavenLaunchDelegate - C:\Users\vamse\OneDrive\Documents\eclipse_Java\mavenproject
2021-10-26 11:12:37,333 [Worker-35: Launching Executing test in C__Users_vamse_OneDrive_Documents_eclipse_Java_mavenproject] INFO  o.e.m.i.launch.MavenLaunchDelegate -  mvn -B test
2021-10-26 11:12:40,614 [Worker-37: Building] WARN  o.e.m.c.i.embedder.EclipseLogger - Using platform encoding (Cp1252 actually) to copy filtered resources, i.e. build is platform dependent!
2021-10-26 11:12:40,618 [Worker-37: Building] INFO  o.e.m.c.i.embedder.EclipseLogger - Copying 1 resource
2021-10-26 11:12:40,619 [Worker-37: Building] WARN  o.e.m.c.i.embedder.EclipseLogger - Using platform encoding (Cp1252 actually) to copy filtered resources, i.e. build is platform dependent!
2021-10-26 11:12:40,622 [Worker-37: Building] INFO  o.e.m.c.i.embedder.EclipseLogger - Copying 0 resource
2021-10-26 11:14:27,541 [Worker-43: Launching Executing install in C__Users_vamse_OneDrive_Documents_eclipse_Java_mavenproject] INFO  o.e.m.i.launch.MavenLaunchDelegate - C:\Users\vamse\OneDrive\Documents\eclipse_Java\mavenproject
2021-10-26 11:14:27,541 [Worker-43: Launching Executing install in C__Users_vamse_OneDrive_Documents_eclipse_Java_mavenproject] INFO  o.e.m.i.launch.MavenLaunchDelegate -  mvn -B install
2021-10-26 11:14:33,979 [Worker-45: Building] WARN  o.e.m.c.i.embedder.EclipseLogger - Using platform encoding (Cp1252 actually) to copy filtered resources, i.e. build is platform dependent!
2021-10-26 11:14:33,981 [Worker-45: Building] INFO  o.e.m.c.i.embedder.EclipseLogger - Copying 0 resource
2021-10-26 11:14:33,981 [Worker-45: Building] WARN  o.e.m.c.i.embedder.EclipseLogger - Using platform encoding (Cp1252 actually) to copy filtered resources, i.e. build is platform dependent!
2021-10-26 11:14:33,982 [Worker-45: Building] INFO  o.e.m.c.i.embedder.EclipseLogger - Copying 0 resource
2021-10-26 11:15:48,091 [Worker-42: Building] WARN  o.e.m.c.i.embedder.EclipseLogger - Using platform encoding (Cp1252 actually) to copy filtered resources, i.e. build is platform dependent!
2021-10-26 11:15:48,092 [Worker-42: Building] INFO  o.e.m.c.i.embedder.EclipseLogger - Copying 0 resource
2021-10-26 11:15:48,093 [Worker-42: Building] WARN  o.e.m.c.i.embedder.EclipseLogger - Using platform encoding (Cp1252 actually) to copy filtered resources, i.e. build is platform dependent!
2021-10-26 11:15:48,094 [Worker-42: Building] INFO  o.e.m.c.i.embedder.EclipseLogger - Copying 0 resource
2021-10-26 11:15:56,115 [Worker-45: Launching Executing test in C__Users_vamse_OneDrive_Documents_eclipse_Java_mavenproject] INFO  o.e.m.i.launch.MavenLaunchDelegate - C:\Users\vamse\OneDrive\Documents\eclipse_Java\mavenproject
2021-10-26 11:15:56,115 [Worker-45: Launching Executing test in C__Users_vamse_OneDrive_Documents_eclipse_Java_mavenproject] INFO  o.e.m.i.launch.MavenLaunchDelegate -  mvn -B test
2021-10-26 11:15:59,015 [Worker-45: Building] WARN  o.e.m.c.i.embedder.EclipseLogger - Using platform encoding (Cp1252 actually) to copy filtered resources, i.e. build is platform dependent!
2021-10-26 11:15:59,019 [Worker-45: Building] INFO  o.e.m.c.i.embedder.EclipseLogger - Copying 0 resource
2021-10-26 11:15:59,020 [Worker-45: Building] WARN  o.e.m.c.i.embedder.EclipseLogger - Using platform encoding (Cp1252 actually) to copy filtered resources, i.e. build is platform dependent!
2021-10-26 11:15:59,023 [Worker-45: Building] INFO  o.e.m.c.i.embedder.EclipseLogger - Copying 0 resource
2021-10-26 11:17:30,350 [Worker-42: Building] WARN  o.e.m.c.i.embedder.EclipseLogger - Using platform encoding (Cp1252 actually) to copy filtered resources, i.e. build is platform dependent!
2021-10-26 11:17:30,354 [Worker-42: Building] INFO  o.e.m.c.i.embedder.EclipseLogger - Copying 1 resource
2021-10-26 11:17:30,361 [Worker-42: Building] WARN  o.e.m.c.i.embedder.EclipseLogger - Using platform encoding (Cp1252 actually) to copy filtered resources, i.e. build is platform dependent!
2021-10-26 11:17:30,363 [Worker-42: Building] INFO  o.e.m.c.i.embedder.EclipseLogger - Copying 0 resource
2021-10-26 11:17:40,691 [Worker-42: Launching Executing test in C__Users_vamse_OneDrive_Documents_eclipse_Java_mavenproject] INFO  o.e.m.i.launch.MavenLaunchDelegate - C:\Users\vamse\OneDrive\Documents\eclipse_Java\mavenproject
2021-10-26 11:17:40,691 [Worker-42: Launching Executing test in C__Users_vamse_OneDrive_Documents_eclipse_Java_mavenproject] INFO  o.e.m.i.launch.MavenLaunchDelegate -  mvn -B test
2021-10-26 11:17:43,568 [Worker-42: Building] WARN  o.e.m.c.i.embedder.EclipseLogger - Using platform encoding (Cp1252 actually) to copy filtered resources, i.e. build is platform dependent!
2021-10-26 11:17:43,570 [Worker-42: Building] INFO  o.e.m.c.i.embedder.EclipseLogger - Copying 0 resource
2021-10-26 11:17:43,571 [Worker-42: Building] WARN  o.e.m.c.i.embedder.EclipseLogger - Using platform encoding (Cp1252 actually) to copy filtered resources, i.e. build is platform dependent!
2021-10-26 11:17:43,574 [Worker-42: Building] INFO  o.e.m.c.i.embedder.EclipseLogger - Copying 0 resource
2021-10-26 11:18:25,264 [Worker-41: Launching Executing install in C__Users_vamse_OneDrive_Documents_eclipse_Java_mavenproject] INFO  o.e.m.i.launch.MavenLaunchDelegate - C:\Users\vamse\OneDrive\Documents\eclipse_Java\mavenproject
2021-10-26 11:18:25,265 [Worker-41: Launching Executing install in C__Users_vamse_OneDrive_Documents_eclipse_Java_mavenproject] INFO  o.e.m.i.launch.MavenLaunchDelegate -  mvn -B install
2021-10-26 11:18:43,342 [Worker-42: Building] WARN  o.e.m.c.i.embedder.EclipseLogger - Using platform encoding (Cp1252 actually) to copy filtered resources, i.e. build is platform dependent!
2021-10-26 11:18:43,343 [Worker-42: Building] INFO  o.e.m.c.i.embedder.EclipseLogger - Copying 0 resource
2021-10-26 11:18:43,345 [Worker-42: Building] WARN  o.e.m.c.i.embedder.EclipseLogger - Using platform encoding (Cp1252 actually) to copy filtered resources, i.e. build is platform dependent!
